#
# A fatal error has been detected by the Java Runtime Environment:
#
#  SIGSEGV (0xb) at pc=0x000000010d4232be, pid=1865, tid=17155
#
# JRE version: Java(TM) SE Runtime Environment (8.0_25-b17) (build 1.8.0_25-b17)
# Java VM: Java HotSpot(TM) 64-Bit Server VM (25.25-b02 mixed mode bsd-amd64 compressed oops)
# Problematic frame:
# V  [libjvm.dylib+0x4232be]  Method::checked_resolve_jmethod_id(_jmethodID*)+0x1c
#
# Failed to write core dump. Core dumps have been disabled. To enable core dumping, try "ulimit -c unlimited" before starting Java again
#
# If you would like to submit a bug report, please visit:
#   http://bugreport.sun.com/bugreport/crash.jsp
#

---------------  T H R E A D  ---------------

Current thread (0x00007ffebc04a000):  JavaThread "JDWP Transport Listener: dt_socket" daemon [_thread_in_vm, id=17155, stack(0x0000700003707000,0x0000700003807000)]

siginfo: si_signo: 11 (SIGSEGV), si_code: 0 (unknown), si_addr: 0x0000000000000000

Registers:
RAX=0x0000000000000001, RBX=0x32000000bebafeca, RCX=0x000000010d7d6c80, RDX=0x0000700003806a8b
RSP=0x00007000038069d0, RBP=0x00007000038069e0, RSI=0x00007ffebc04a000, RDI=0x00007ffebb200600
R8 =0x0000000000000000, R9 =0x00007ffeba543bf0, R10=0x0000000000000001, R11=0x0000000000000001
R12=0x00007ffebc04a000, R13=0x00007ffebb200600, R14=0x00007ffebb200600, R15=0x00007ffeba7021f0
RIP=0x000000010d4232be, EFLAGS=0x0000000000010206, ERR=0x0000000000000000
  TRAPNO=0x000000000000000d

Top of Stack: (sp=0x00007000038069d0)
0x00007000038069d0:   0000700003806a8b 0000700003806a8b
0x00007000038069e0:   0000700003806a40 000000010d33526e
0x00007000038069f0:   00007ffebc04a000 0000000000000000
0x0000700003806a00:   0000000000000000 0000000000000000
0x0000700003806a10:   00007ffebc04a000 00007ffebc04a000
0x0000700003806a20:   0000700003806a8b 0000700003806a90
0x0000700003806a30:   00007ffebb200600 0000000000000017
0x0000700003806a40:   0000700003806a60 000000010c6f87dc
0x0000700003806a50:   0000000000000001 0000700003806b08
0x0000700003806a60:   0000700003806ad0 000000010c6dd263
0x0000700003806a70:   0000700003806aa0 00007ffeba544d30
0x0000700003806a80:   0000001800000032 0000000200806b08
0x0000700003806a90:   0000000000000000 0000000000000000
0x0000700003806aa0:   0000000000000000 0000700003806c90
0x0000700003806ab0:   000000010c6ffeca 00007ffeba535cd0
0x0000700003806ac0:   0000700003806b08 000000010c70b588
0x0000700003806ad0:   0000700003806ae0 000000010c6dd35c
0x0000700003806ae0:   0000700003806d00 000000010c6e68f6
0x0000700003806af0:   00008ca300000013 00000000000f0200
0x0000700003806b00:   00007ffeba543f10 00007ffebb20167f
0x0000700003806b10:   00007ffe00001241 00007ffeba511190
0x0000700003806b20:   00007ffe0000012c 0000700003806b58
0x0000700003806b30:   00007ffeba544070 0000000000000000
0x0000700003806b40:   00008ca300000014 0000000000000080
0x0000700003806b50:   0000700003806b58 fe7f000018000000
0x0000700003806b60:   08000000309149ba 3e74696e696c633c
0x0000700003806b70:   0056292803000000 0008000000000000
0x0000700003806b80:   00e89149bafe7f00 6867696577060000
0x0000700003806b90:   704c281c00000074 75482f74616d7461
0x0000700003806ba0:   6f43246e616d6666 293b656572546564
0x0000700003806bb0:   0000000000000049 9149bafe7f000001
0x0000700003806bc0:   6168630500000048 4c283c0000007372 

Instructions: (pc=0x000000010d4232be)
0x000000010d42329e:   31 c0 5d c3 55 48 89 e5 53 48 83 ec 08 48 85 ff
0x000000010d4232ae:   74 24 48 8b 1f 48 85 db 74 1c 48 83 fb 37 74 16
0x000000010d4232be:   48 8b 03 48 89 df ff 50 10 84 c0 b8 00 00 00 00
0x000000010d4232ce:   48 0f 45 c3 eb 02 31 c0 48 83 c4 08 5b 5d c3 90 

Register to memory mapping:

RAX=0x0000000000000001 is an unknown value
RBX=0x32000000bebafeca is an unknown value
RCX=0x000000010d7d6c80: UseMembar+0 in /Library/Java/JavaVirtualMachines/jdk1.8.0_25.jdk/Contents/Home/jre/lib/server/libjvm.dylib at 0x000000010d000000
RDX=0x0000700003806a8b is pointing into the stack for thread: 0x00007ffebc04a000
RSP=0x00007000038069d0 is pointing into the stack for thread: 0x00007ffebc04a000
RBP=0x00007000038069e0 is pointing into the stack for thread: 0x00007ffebc04a000
RSI=0x00007ffebc04a000 is a thread
RDI=0x00007ffebb200600 is an unknown value
R8 =0x0000000000000000 is an unknown value
R9 =0x00007ffeba543bf0 is an unknown value
R10=0x0000000000000001 is an unknown value
R11=0x0000000000000001 is an unknown value
R12=0x00007ffebc04a000 is a thread
R13=0x00007ffebb200600 is an unknown value
R14=0x00007ffebb200600 is an unknown value
R15=0x00007ffeba7021f0 is an unknown value


Stack: [0x0000700003707000,0x0000700003807000],  sp=0x00007000038069d0,  free space=1022k
Native frames: (J=compiled Java code, j=interpreted, Vv=VM code, C=native code)
V  [libjvm.dylib+0x4232be]  Method::checked_resolve_jmethod_id(_jmethodID*)+0x1c
V  [libjvm.dylib+0x33526e]  jvmti_IsMethodSynthetic+0xb2
C  [libjdwp.dylib+0x207dc]  isMethodSynthetic+0x63
C  [libjdwp.dylib+0x5263]  methods1+0x10b
C  [libjdwp.dylib+0x535c]  methodsWithGeneric+0xe
C  [libjdwp.dylib+0xe8f6]  debugLoop_run+0x1ce
C  [libjdwp.dylib+0x1f716]  attachThread+0x4d
V  [libjvm.dylib+0x3762ce]  JvmtiAgentThread::call_start_function()+0x38
V  [libjvm.dylib+0x535ed9]  JavaThread::thread_main_inner()+0x9b
V  [libjvm.dylib+0x53761c]  JavaThread::run()+0x1c2
V  [libjvm.dylib+0x45d87e]  java_start(Thread*)+0xf6
C  [libsystem_pthread.dylib+0x393b]  _pthread_body+0xb4
C  [libsystem_pthread.dylib+0x3887]  _pthread_body+0x0
C  [libsystem_pthread.dylib+0x308d]  thread_start+0xd
C  0x0000000000000000


---------------  P R O C E S S  ---------------

Java Threads: ( => current thread )
  0x00007ffeba83d000 JavaThread "Service Thread" daemon [_thread_blocked, id=20227, stack(0x0000700003d19000,0x0000700003e19000)]
  0x00007ffebc064800 JavaThread "C1 CompilerThread2" daemon [_thread_blocked, id=19715, stack(0x0000700003c16000,0x0000700003d16000)]
  0x00007ffebc05c000 JavaThread "C2 CompilerThread1" daemon [_thread_blocked, id=19203, stack(0x0000700003b13000,0x0000700003c13000)]
  0x00007ffeba81d800 JavaThread "C2 CompilerThread0" daemon [_thread_blocked, id=18691, stack(0x0000700003a10000,0x0000700003b10000)]
  0x00007ffebb824800 JavaThread "JDWP Command Reader" daemon [_thread_in_native, id=18179, stack(0x000070000390d000,0x0000700003a0d000)]
  0x00007ffebc049000 JavaThread "JDWP Event Helper Thread" daemon [_thread_blocked, id=17667, stack(0x000070000380a000,0x000070000390a000)]
=>0x00007ffebc04a000 JavaThread "JDWP Transport Listener: dt_socket" daemon [_thread_in_vm, id=17155, stack(0x0000700003707000,0x0000700003807000)]
  0x00007ffebc003000 JavaThread "Signal Dispatcher" daemon [_thread_blocked, id=16643, stack(0x0000700003604000,0x0000700003704000)]
  0x00007ffebb812000 JavaThread "Finalizer" daemon [_thread_blocked, id=12547, stack(0x0000700003501000,0x0000700003601000)]
  0x00007ffebb811000 JavaThread "Reference Handler" daemon [_thread_blocked, id=12035, stack(0x00007000033fe000,0x00007000034fe000)]
  0x00007ffebb801800 JavaThread "main-ScalaTest-running-HuffmanSuite" [_thread_blocked, id=7171, stack(0x0000700002dec000,0x0000700002eec000)]

Other Threads:
  0x00007ffeba814800 VMThread [stack: 0x00007000032fb000,0x00007000033fb000] [id=11523]
  0x00007ffeba83d800 WatcherThread [stack: 0x0000700003e1c000,0x0000700003f1c000] [id=20739]

VM state:not at safepoint (normal execution)

VM Mutex/Monitor currently owned by a thread: None

Heap:
 PSYoungGen      total 38400K, used 11074K [0x0000000795580000, 0x0000000798000000, 0x00000007c0000000)
  eden space 33280K, 17% used [0x0000000795580000,0x0000000795b52250,0x0000000797600000)
  from space 5120K, 99% used [0x0000000797600000,0x0000000797afe750,0x0000000797b00000)
  to   space 5120K, 0% used [0x0000000797b00000,0x0000000797b00000,0x0000000798000000)
 ParOldGen       total 87552K, used 372K [0x0000000740000000, 0x0000000745580000, 0x0000000795580000)
  object space 87552K, 0% used [0x0000000740000000,0x000000074005d3b8,0x0000000745580000)
 Metaspace       used 9720K, capacity 10016K, committed 10240K, reserved 1058816K
  class space    used 1441K, capacity 1488K, committed 1536K, reserved 1048576K

Card table byte_map: [0x000000010e2dc000,0x000000010e6dd000] byte_map_base: 0x000000010a8dc000

Marking Bits: (ParMarkBitMap*) 0x000000010d89d390
 Begin Bits: [0x000000010e988000, 0x0000000110988000)
 End Bits:   [0x0000000110988000, 0x0000000112988000)

Polling page: 0x000000010c6d7000

CodeCache: size=245760Kb used=2710Kb max_used=2717Kb free=243049Kb
 bounds [0x0000000116fa9000, 0x0000000117259000, 0x0000000125fa9000]
 total_blobs=896 nmethods=603 adapters=216
 compilation: enabled

Compilation events (10 events):
Event: 12.831 Thread 0x00007ffebc064800  599       3       scala.collection.mutable.IndexedSeqLike$class::$init$ (1 bytes)
Event: 12.831 Thread 0x00007ffebc064800 nmethod 599 0x000000011724e910 code [0x000000011724ea60, 0x000000011724eb90]
Event: 12.835 Thread 0x00007ffebc064800  600       3       scala.math.Ordered$class::$init$ (1 bytes)
Event: 12.835 Thread 0x00007ffebc064800 nmethod 600 0x000000011724e550 code [0x000000011724e6a0, 0x000000011724e7d0]
Event: 12.835 Thread 0x00007ffebc064800  601       3       scala.runtime.ScalaRunTime$$anon$1::hasNext (17 bytes)
Event: 12.836 Thread 0x00007ffebc064800 nmethod 601 0x0000000117242910 code [0x0000000117242a80, 0x0000000117242c70]
Event: 12.836 Thread 0x00007ffebc064800  602       3       scala.runtime.BoxesRunTime::boxToCharacter (5 bytes)
Event: 12.837 Thread 0x00007ffebc064800 nmethod 602 0x00000001172505d0 code [0x0000000117250760, 0x0000000117250a70]
Event: 12.837 Thread 0x00007ffebc064800  603       3       java.lang.Character::valueOf (21 bytes)
Event: 12.837 Thread 0x00007ffebc064800 nmethod 603 0x0000000117242350 code [0x00000001172424c0, 0x0000000117242770]

GC Heap History (2 events):
Event: 0.833 GC heap before
{Heap before GC invocations=1 (full 0):
 PSYoungGen      total 38400K, used 33280K [0x0000000795580000, 0x0000000798000000, 0x00000007c0000000)
  eden space 33280K, 100% used [0x0000000795580000,0x0000000797600000,0x0000000797600000)
  from space 5120K, 0% used [0x0000000797b00000,0x0000000797b00000,0x0000000798000000)
  to   space 5120K, 0% used [0x0000000797600000,0x0000000797600000,0x0000000797b00000)
 ParOldGen       total 87552K, used 0K [0x0000000740000000, 0x0000000745580000, 0x0000000795580000)
  object space 87552K, 0% used [0x0000000740000000,0x0000000740000000,0x0000000745580000)
 Metaspace       used 8920K, capacity 9248K, committed 9344K, reserved 1056768K
  class space    used 1307K, capacity 1360K, committed 1408K, reserved 1048576K
Event: 0.838 GC heap after
Heap after GC invocations=1 (full 0):
 PSYoungGen      total 38400K, used 5113K [0x0000000795580000, 0x0000000798000000, 0x00000007c0000000)
  eden space 33280K, 0% used [0x0000000795580000,0x0000000795580000,0x0000000797600000)
  from space 5120K, 99% used [0x0000000797600000,0x0000000797afe750,0x0000000797b00000)
  to   space 5120K, 0% used [0x0000000797b00000,0x0000000797b00000,0x0000000798000000)
 ParOldGen       total 87552K, used 372K [0x0000000740000000, 0x0000000745580000, 0x0000000795580000)
  object space 87552K, 0% used [0x0000000740000000,0x000000074005d3b8,0x0000000745580000)
 Metaspace       used 8920K, capacity 9248K, committed 9344K, reserved 1056768K
  class space    used 1307K, capacity 1360K, committed 1408K, reserved 1048576K
}

Deoptimization events (0 events):
No events

Internal exceptions (10 events):
Event: 1.001 Thread 0x00007ffebb801800 Exception <a 'java/security/PrivilegedActionException'> (0x0000000795a90298) thrown at [/HUDSON3/workspace/8-2-build-macosx-x86_64/jdk8u25/1514/hotspot/src/share/vm/prims/jvm.cpp, line 1312]
Event: 1.002 Thread 0x00007ffebb801800 Exception <a 'java/security/PrivilegedActionException'> (0x0000000795a95a98) thrown at [/HUDSON3/workspace/8-2-build-macosx-x86_64/jdk8u25/1514/hotspot/src/share/vm/prims/jvm.cpp, line 1312]
Event: 1.005 Thread 0x00007ffebb801800 Exception <a 'java/security/PrivilegedActionException'> (0x0000000795aa3f28) thrown at [/HUDSON3/workspace/8-2-build-macosx-x86_64/jdk8u25/1514/hotspot/src/share/vm/prims/jvm.cpp, line 1312]
Event: 1.007 Thread 0x00007ffebb801800 Exception <a 'java/security/PrivilegedActionException'> (0x0000000795aa9b60) thrown at [/HUDSON3/workspace/8-2-build-macosx-x86_64/jdk8u25/1514/hotspot/src/share/vm/prims/jvm.cpp, line 1312]
Event: 1.227 Thread 0x00007ffebb801800 Exception <a 'java/security/PrivilegedActionException'> (0x0000000795aaf020) thrown at [/HUDSON3/workspace/8-2-build-macosx-x86_64/jdk8u25/1514/hotspot/src/share/vm/prims/jvm.cpp, line 1312]
Event: 1.229 Thread 0x00007ffebb801800 Exception <a 'java/security/PrivilegedActionException'> (0x0000000795ab5d80) thrown at [/HUDSON3/workspace/8-2-build-macosx-x86_64/jdk8u25/1514/hotspot/src/share/vm/prims/jvm.cpp, line 1312]
Event: 12.634 Thread 0x00007ffebb801800 Exception <a 'java/security/PrivilegedActionException'> (0x0000000795ad2e98) thrown at [/HUDSON3/workspace/8-2-build-macosx-x86_64/jdk8u25/1514/hotspot/src/share/vm/prims/jvm.cpp, line 1312]
Event: 12.635 Thread 0x00007ffebb801800 Exception <a 'java/security/PrivilegedActionException'> (0x0000000795ad8490) thrown at [/HUDSON3/workspace/8-2-build-macosx-x86_64/jdk8u25/1514/hotspot/src/share/vm/prims/jvm.cpp, line 1312]
Event: 12.636 Thread 0x00007ffebb801800 Exception <a 'java/security/PrivilegedActionException'> (0x0000000795adeab8) thrown at [/HUDSON3/workspace/8-2-build-macosx-x86_64/jdk8u25/1514/hotspot/src/share/vm/prims/jvm.cpp, line 1312]
Event: 12.645 Thread 0x00007ffebb801800 Exception <a 'java/security/PrivilegedActionException'> (0x0000000795ae42c8) thrown at [/HUDSON3/workspace/8-2-build-macosx-x86_64/jdk8u25/1514/hotspot/src/share/vm/prims/jvm.cpp, line 1312]

Events (10 events):
Event: 729.473 Executing VM operation: GetOrSetLocal
Event: 729.473 Executing VM operation: GetOrSetLocal done
Event: 729.495 Executing VM operation: GetOrSetLocal
Event: 729.495 Executing VM operation: GetOrSetLocal done
Event: 729.498 Executing VM operation: GetOrSetLocal
Event: 729.498 Executing VM operation: GetOrSetLocal done
Event: 729.508 Executing VM operation: GetOrSetLocal
Event: 729.508 Executing VM operation: GetOrSetLocal done
Event: 729.548 Executing VM operation: GetOrSetLocal
Event: 729.548 Executing VM operation: GetOrSetLocal done


Dynamic libraries:
0x00000000299a4000 	/System/Library/Frameworks/Cocoa.framework/Versions/A/Cocoa
0x00000000299a4000 	/System/Library/Frameworks/Security.framework/Versions/A/Security
0x00000000299a4000 	/System/Library/Frameworks/ApplicationServices.framework/Versions/A/ApplicationServices
0x00000000299a4000 	/usr/lib/libz.1.dylib
0x00000000299a4000 	/usr/lib/libSystem.B.dylib
0x00000000299a4000 	/usr/lib/libobjc.A.dylib
0x00000000299a4000 	/System/Library/Frameworks/CoreFoundation.framework/Versions/A/CoreFoundation
0x00000000299a4000 	/System/Library/Frameworks/Foundation.framework/Versions/C/Foundation
0x00000000299a4000 	/System/Library/Frameworks/AppKit.framework/Versions/C/AppKit
0x00000000299a4000 	/System/Library/Frameworks/CoreData.framework/Versions/A/CoreData
0x00000000299a4000 	/System/Library/PrivateFrameworks/RemoteViewServices.framework/Versions/A/RemoteViewServices
0x00000000299a4000 	/System/Library/PrivateFrameworks/UIFoundation.framework/Versions/A/UIFoundation
0x00000000299a4000 	/System/Library/PrivateFrameworks/DFRFoundation.framework/Versions/A/DFRFoundation
0x00000000299a4000 	/usr/lib/libenergytrace.dylib
0x00000000299a4000 	/System/Library/PrivateFrameworks/SkyLight.framework/Versions/A/SkyLight
0x00000000299a4000 	/System/Library/Frameworks/CoreGraphics.framework/Versions/A/CoreGraphics
0x00000000299a4000 	/usr/lib/libScreenReader.dylib
0x00000000299a4000 	/System/Library/Frameworks/Accelerate.framework/Versions/A/Accelerate
0x00000000299a4000 	/System/Library/Frameworks/IOSurface.framework/Versions/A/IOSurface
0x00000000299a4000 	/System/Library/Frameworks/AudioToolbox.framework/Versions/A/AudioToolbox
0x00000000299a4000 	/System/Library/Frameworks/AudioUnit.framework/Versions/A/AudioUnit
0x00000000299a4000 	/System/Library/PrivateFrameworks/DataDetectorsCore.framework/Versions/A/DataDetectorsCore
0x00000000299a4000 	/System/Library/PrivateFrameworks/DesktopServicesPriv.framework/Versions/A/DesktopServicesPriv
0x00000000299a4000 	/System/Library/Frameworks/Carbon.framework/Versions/A/Frameworks/HIToolbox.framework/Versions/A/HIToolbox
0x00000000299a4000 	/usr/lib/libicucore.A.dylib
0x00000000299a4000 	/System/Library/Frameworks/QuartzCore.framework/Versions/A/QuartzCore
0x00000000299a4000 	/System/Library/Frameworks/Carbon.framework/Versions/A/Frameworks/SpeechRecognition.framework/Versions/A/SpeechRecognition
0x00000000299a4000 	/usr/lib/libauto.dylib
0x00000000299a4000 	/usr/lib/libxml2.2.dylib
0x00000000299a4000 	/System/Library/PrivateFrameworks/CoreUI.framework/Versions/A/CoreUI
0x00000000299a4000 	/System/Library/Frameworks/CoreAudio.framework/Versions/A/CoreAudio
0x00000000299a4000 	/System/Library/Frameworks/DiskArbitration.framework/Versions/A/DiskArbitration
0x00000000299a4000 	/usr/lib/liblangid.dylib
0x00000000299a4000 	/System/Library/PrivateFrameworks/MultitouchSupport.framework/Versions/A/MultitouchSupport
0x00000000299a4000 	/System/Library/Frameworks/IOKit.framework/Versions/A/IOKit
0x00000000299a4000 	/usr/lib/libDiagnosticMessagesClient.dylib
0x00000000299a4000 	/System/Library/Frameworks/CoreServices.framework/Versions/A/CoreServices
0x00000000299a4000 	/System/Library/PrivateFrameworks/PerformanceAnalysis.framework/Versions/A/PerformanceAnalysis
0x00000000299a4000 	/System/Library/PrivateFrameworks/GenerationalStorage.framework/Versions/A/GenerationalStorage
0x00000000299a4000 	/System/Library/Frameworks/OpenGL.framework/Versions/A/OpenGL
0x00000000299a4000 	/System/Library/Frameworks/CoreImage.framework/Versions/A/CoreImage
0x00000000299a4000 	/System/Library/Frameworks/CoreText.framework/Versions/A/CoreText
0x00000000299a4000 	/System/Library/Frameworks/ImageIO.framework/Versions/A/ImageIO
0x00000000299a4000 	/System/Library/PrivateFrameworks/Backup.framework/Versions/A/Backup
0x00000000299a4000 	/usr/lib/libarchive.2.dylib
0x00000000299a4000 	/System/Library/Frameworks/CFNetwork.framework/Versions/A/CFNetwork
0x00000000299a4000 	/System/Library/Frameworks/SystemConfiguration.framework/Versions/A/SystemConfiguration
0x00000000299a4000 	/usr/lib/libCRFSuite.dylib
0x00000000299a4000 	/usr/lib/libc++.1.dylib
0x00000000299a4000 	/usr/lib/libc++abi.dylib
0x00000000299a4000 	/usr/lib/system/libcache.dylib
0x00000000299a4000 	/usr/lib/system/libcommonCrypto.dylib
0x00000000299a4000 	/usr/lib/system/libcompiler_rt.dylib
0x00000000299a4000 	/usr/lib/system/libcopyfile.dylib
0x00000000299a4000 	/usr/lib/system/libcorecrypto.dylib
0x00000000299a4000 	/usr/lib/system/libdispatch.dylib
0x00000000299a4000 	/usr/lib/system/libdyld.dylib
0x00000000299a4000 	/usr/lib/system/libkeymgr.dylib
0x00000000299a4000 	/usr/lib/system/liblaunch.dylib
0x00000000299a4000 	/usr/lib/system/libmacho.dylib
0x00000000299a4000 	/usr/lib/system/libquarantine.dylib
0x00000000299a4000 	/usr/lib/system/libremovefile.dylib
0x00000000299a4000 	/usr/lib/system/libsystem_asl.dylib
0x00000000299a4000 	/usr/lib/system/libsystem_blocks.dylib
0x00000000299a4000 	/usr/lib/system/libsystem_c.dylib
0x00000000299a4000 	/usr/lib/system/libsystem_configuration.dylib
0x00000000299a4000 	/usr/lib/system/libsystem_coreservices.dylib
0x00000000299a4000 	/usr/lib/system/libsystem_coretls.dylib
0x00000000299a4000 	/usr/lib/system/libsystem_dnssd.dylib
0x00000000299a4000 	/usr/lib/system/libsystem_info.dylib
0x00000000299a4000 	/usr/lib/system/libsystem_kernel.dylib
0x00000000299a4000 	/usr/lib/system/libsystem_m.dylib
0x00000000299a4000 	/usr/lib/system/libsystem_malloc.dylib
0x00000000299a4000 	/usr/lib/system/libsystem_network.dylib
0x00000000299a4000 	/usr/lib/system/libsystem_networkextension.dylib
0x00000000299a4000 	/usr/lib/system/libsystem_notify.dylib
0x00000000299a4000 	/usr/lib/system/libsystem_platform.dylib
0x00000000299a4000 	/usr/lib/system/libsystem_pthread.dylib
0x00000000299a4000 	/usr/lib/system/libsystem_sandbox.dylib
0x00000000299a4000 	/usr/lib/system/libsystem_secinit.dylib
0x00000000299a4000 	/usr/lib/system/libsystem_symptoms.dylib
0x00000000299a4000 	/usr/lib/system/libsystem_trace.dylib
0x00000000299a4000 	/usr/lib/system/libunwind.dylib
0x00000000299a4000 	/usr/lib/system/libxpc.dylib
0x00000000299a4000 	/usr/lib/libbsm.0.dylib
0x00000000299a4000 	/usr/lib/system/libkxld.dylib
0x00000000299a4000 	/usr/lib/libcoretls.dylib
0x00000000299a4000 	/usr/lib/libcoretls_cfhelpers.dylib
0x00000000299a4000 	/usr/lib/libOpenScriptingUtil.dylib
0x00000000299a4000 	/usr/lib/libpam.2.dylib
0x00000000299a4000 	/usr/lib/libsqlite3.dylib
0x00000000299a4000 	/usr/lib/libxar.1.dylib
0x00000000299a4000 	/usr/lib/libbz2.1.0.dylib
0x00000000299a4000 	/usr/lib/liblzma.5.dylib
0x00000000299a4000 	/usr/lib/libnetwork.dylib
0x00000000299a4000 	/usr/lib/libpcap.A.dylib
0x00000000299a4000 	/System/Library/Frameworks/CoreServices.framework/Versions/A/Frameworks/FSEvents.framework/Versions/A/FSEvents
0x00000000299a4000 	/System/Library/Frameworks/CoreServices.framework/Versions/A/Frameworks/CarbonCore.framework/Versions/A/CarbonCore
0x00000000299a4000 	/System/Library/Frameworks/CoreServices.framework/Versions/A/Frameworks/Metadata.framework/Versions/A/Metadata
0x00000000299a4000 	/System/Library/Frameworks/CoreServices.framework/Versions/A/Frameworks/OSServices.framework/Versions/A/OSServices
0x00000000299a4000 	/System/Library/Frameworks/CoreServices.framework/Versions/A/Frameworks/SearchKit.framework/Versions/A/SearchKit
0x00000000299a4000 	/System/Library/Frameworks/CoreServices.framework/Versions/A/Frameworks/AE.framework/Versions/A/AE
0x00000000299a4000 	/System/Library/Frameworks/CoreServices.framework/Versions/A/Frameworks/LaunchServices.framework/Versions/A/LaunchServices
0x00000000299a4000 	/System/Library/Frameworks/CoreServices.framework/Versions/A/Frameworks/DictionaryServices.framework/Versions/A/DictionaryServices
0x00000000299a4000 	/System/Library/Frameworks/CoreServices.framework/Versions/A/Frameworks/SharedFileList.framework/Versions/A/SharedFileList
0x00000000299a4000 	/System/Library/Frameworks/NetFS.framework/Versions/A/NetFS
0x00000000299a4000 	/System/Library/PrivateFrameworks/NetAuth.framework/Versions/A/NetAuth
0x00000000299a4000 	/System/Library/PrivateFrameworks/login.framework/Versions/A/Frameworks/loginsupport.framework/Versions/A/loginsupport
0x00000000299a4000 	/System/Library/PrivateFrameworks/TCC.framework/Versions/A/TCC
0x00000000299a4000 	/usr/lib/libmecabra.dylib
0x00000000299a4000 	/System/Library/Frameworks/ApplicationServices.framework/Versions/A/Frameworks/ATS.framework/Versions/A/ATS
0x00000000299a4000 	/System/Library/Frameworks/ApplicationServices.framework/Versions/A/Frameworks/ColorSync.framework/Versions/A/ColorSync
0x00000000299a4000 	/System/Library/Frameworks/ApplicationServices.framework/Versions/A/Frameworks/HIServices.framework/Versions/A/HIServices
0x00000000299a4000 	/System/Library/Frameworks/ApplicationServices.framework/Versions/A/Frameworks/LangAnalysis.framework/Versions/A/LangAnalysis
0x00000000299a4000 	/System/Library/Frameworks/ApplicationServices.framework/Versions/A/Frameworks/PrintCore.framework/Versions/A/PrintCore
0x00000000299a4000 	/System/Library/Frameworks/ApplicationServices.framework/Versions/A/Frameworks/QD.framework/Versions/A/QD
0x00000000299a4000 	/System/Library/Frameworks/ApplicationServices.framework/Versions/A/Frameworks/SpeechSynthesis.framework/Versions/A/SpeechSynthesis
0x00000000299a4000 	/System/Library/Frameworks/Accelerate.framework/Versions/A/Frameworks/vImage.framework/Versions/A/vImage
0x00000000299a4000 	/System/Library/Frameworks/Accelerate.framework/Versions/A/Frameworks/vecLib.framework/Versions/A/vecLib
0x00000000299a4000 	/System/Library/Frameworks/Accelerate.framework/Versions/A/Frameworks/vecLib.framework/Versions/A/libvDSP.dylib
0x00000000299a4000 	/System/Library/Frameworks/Accelerate.framework/Versions/A/Frameworks/vecLib.framework/Versions/A/libBNNS.dylib
0x00000000299a4000 	/System/Library/Frameworks/Accelerate.framework/Versions/A/Frameworks/vecLib.framework/Versions/A/libQuadrature.dylib
0x00000000299a4000 	/System/Library/Frameworks/Accelerate.framework/Versions/A/Frameworks/vecLib.framework/Versions/A/libvMisc.dylib
0x00000000299a4000 	/System/Library/Frameworks/Accelerate.framework/Versions/A/Frameworks/vecLib.framework/Versions/A/libLAPACK.dylib
0x00000000299a4000 	/System/Library/Frameworks/Accelerate.framework/Versions/A/Frameworks/vecLib.framework/Versions/A/libBLAS.dylib
0x00000000299a4000 	/System/Library/Frameworks/Accelerate.framework/Versions/A/Frameworks/vecLib.framework/Versions/A/libLinearAlgebra.dylib
0x00000000299a4000 	/System/Library/Frameworks/Accelerate.framework/Versions/A/Frameworks/vecLib.framework/Versions/A/libSparseBLAS.dylib
0x00000000299a4000 	/System/Library/Frameworks/ApplicationServices.framework/Versions/A/Frameworks/ATS.framework/Versions/A/Resources/libFontParser.dylib
0x00000000299a4000 	/System/Library/Frameworks/ApplicationServices.framework/Versions/A/Frameworks/ATS.framework/Versions/A/Resources/libFontRegistry.dylib
0x00000000299a4000 	/System/Library/Frameworks/ImageIO.framework/Versions/A/Resources/libJPEG.dylib
0x00000000299a4000 	/System/Library/Frameworks/ImageIO.framework/Versions/A/Resources/libTIFF.dylib
0x00000000299a4000 	/System/Library/Frameworks/ImageIO.framework/Versions/A/Resources/libPng.dylib
0x00000000299a4000 	/System/Library/Frameworks/ImageIO.framework/Versions/A/Resources/libGIF.dylib
0x00000000299a4000 	/System/Library/Frameworks/ImageIO.framework/Versions/A/Resources/libJP2.dylib
0x00000000299a4000 	/System/Library/Frameworks/ImageIO.framework/Versions/A/Resources/libRadiance.dylib
0x00000000299a4000 	/usr/lib/libcompression.dylib
0x00000000299a4000 	/System/Library/PrivateFrameworks/AppleJPEG.framework/Versions/A/AppleJPEG
0x00000000299a4000 	/usr/lib/libcups.2.dylib
0x00000000299a4000 	/System/Library/Frameworks/Kerberos.framework/Versions/A/Kerberos
0x00000000299a4000 	/System/Library/Frameworks/GSS.framework/Versions/A/GSS
0x00000000299a4000 	/usr/lib/libresolv.9.dylib
0x00000000299a4000 	/usr/lib/libiconv.2.dylib
0x00000000299a4000 	/System/Library/PrivateFrameworks/Heimdal.framework/Versions/A/Heimdal
0x00000000299a4000 	/usr/lib/libheimdal-asn1.dylib
0x00000000299a4000 	/System/Library/Frameworks/OpenDirectory.framework/Versions/A/OpenDirectory
0x00000000299a4000 	/System/Library/PrivateFrameworks/CommonAuth.framework/Versions/A/CommonAuth
0x00000000299a4000 	/System/Library/Frameworks/OpenDirectory.framework/Versions/A/Frameworks/CFOpenDirectory.framework/Versions/A/CFOpenDirectory
0x00000000299a4000 	/System/Library/Frameworks/SecurityFoundation.framework/Versions/A/SecurityFoundation
0x00000000299a4000 	/System/Library/PrivateFrameworks/LanguageModeling.framework/Versions/A/LanguageModeling
0x00000000299a4000 	/usr/lib/libmarisa.dylib
0x00000000299a4000 	/usr/lib/libChineseTokenizer.dylib
0x00000000299a4000 	/usr/lib/libcmph.dylib
0x00000000299a4000 	/System/Library/PrivateFrameworks/CoreEmoji.framework/Versions/A/CoreEmoji
0x00000000299a4000 	/System/Library/Frameworks/ServiceManagement.framework/Versions/A/ServiceManagement
0x00000000299a4000 	/usr/lib/libxslt.1.dylib
0x00000000299a4000 	/System/Library/Frameworks/Carbon.framework/Versions/A/Frameworks/Ink.framework/Versions/A/Ink
0x00000000299a4000 	/System/Library/PrivateFrameworks/TextureIO.framework/Versions/A/TextureIO
0x00000000299a4000 	/System/Library/Frameworks/Metal.framework/Versions/A/Metal
0x00000000299a4000 	/usr/lib/libate.dylib
0x00000000299a4000 	/System/Library/PrivateFrameworks/GPUCompiler.framework/libmetal_timestamp.dylib
0x00000000299a4000 	/System/Library/Frameworks/OpenGL.framework/Versions/A/Libraries/libCoreFSCache.dylib
0x00000000299a4000 	/System/Library/PrivateFrameworks/IOAccelerator.framework/Versions/A/IOAccelerator
0x00000000299a4000 	/System/Library/Frameworks/CoreVideo.framework/Versions/A/CoreVideo
0x00000000299a4000 	/usr/lib/libFosl_dynamic.dylib
0x00000000299a4000 	/System/Library/PrivateFrameworks/MetalPerformanceShaders.framework/Versions/A/MetalPerformanceShaders
0x00000000299a4000 	/System/Library/PrivateFrameworks/FaceCore.framework/Versions/A/FaceCore
0x00000000299a4000 	/System/Library/Frameworks/OpenCL.framework/Versions/A/OpenCL
0x00000000299a4000 	/System/Library/Frameworks/OpenGL.framework/Versions/A/Libraries/libGLU.dylib
0x00000000299a4000 	/System/Library/Frameworks/OpenGL.framework/Versions/A/Libraries/libGFXShared.dylib
0x00000000299a4000 	/System/Library/Frameworks/OpenGL.framework/Versions/A/Libraries/libGL.dylib
0x00000000299a4000 	/System/Library/Frameworks/OpenGL.framework/Versions/A/Libraries/libGLImage.dylib
0x00000000299a4000 	/System/Library/Frameworks/OpenGL.framework/Versions/A/Libraries/libCVMSPluginSupport.dylib
0x00000000299a4000 	/System/Library/Frameworks/OpenGL.framework/Versions/A/Libraries/libCoreVMClient.dylib
0x00000000299a4000 	/System/Library/PrivateFrameworks/CrashReporterSupport.framework/Versions/A/CrashReporterSupport
0x00000000299a4000 	/System/Library/PrivateFrameworks/Sharing.framework/Versions/A/Sharing
0x00000000299a4000 	/System/Library/PrivateFrameworks/IconServices.framework/Versions/A/IconServices
0x00000000299a4000 	/System/Library/PrivateFrameworks/ProtocolBuffer.framework/Versions/A/ProtocolBuffer
0x00000000299a4000 	/System/Library/PrivateFrameworks/Apple80211.framework/Versions/A/Apple80211
0x00000000299a4000 	/System/Library/Frameworks/CoreWLAN.framework/Versions/A/CoreWLAN
0x00000000299a4000 	/System/Library/PrivateFrameworks/CoreUtils.framework/Versions/A/CoreUtils
0x00000000299a4000 	/System/Library/Frameworks/IOBluetooth.framework/Versions/A/IOBluetooth
0x00000000299a4000 	/System/Library/PrivateFrameworks/CoreWiFi.framework/Versions/A/CoreWiFi
0x00000000299a4000 	/System/Library/Frameworks/CoreBluetooth.framework/Versions/A/CoreBluetooth
0x00000000299a4000 	/System/Library/Frameworks/CoreDisplay.framework/Versions/A/CoreDisplay
0x00000000299a4000 	/System/Library/PrivateFrameworks/IOPresentment.framework/Versions/A/IOPresentment
0x00000000299a4000 	/System/Library/PrivateFrameworks/DSExternalDisplay.framework/Versions/A/DSExternalDisplay
0x00000000299a4000 	/System/Library/PrivateFrameworks/DebugSymbols.framework/Versions/A/DebugSymbols
0x00000000299a4000 	/System/Library/PrivateFrameworks/CoreSymbolication.framework/Versions/A/CoreSymbolication
0x00000000299a4000 	/System/Library/PrivateFrameworks/Symbolication.framework/Versions/A/Symbolication
0x00000000299a4000 	/System/Library/PrivateFrameworks/AppleFSCompression.framework/Versions/A/AppleFSCompression
0x00000000299a4000 	/System/Library/PrivateFrameworks/SpeechRecognitionCore.framework/Versions/A/SpeechRecognitionCore
0x00000000299a4000 	/System/Library/PrivateFrameworks/ChunkingLibrary.framework/Versions/A/ChunkingLibrary
0x000000010d000000 	/Library/Java/JavaVirtualMachines/jdk1.8.0_25.jdk/Contents/Home/jre/lib/server/libjvm.dylib
0x00000000299a4000 	/usr/lib/libstdc++.6.dylib
0x000000010c695000 	/Library/Java/JavaVirtualMachines/jdk1.8.0_25.jdk/Contents/Home/jre/lib/libverify.dylib
0x000000010c6a3000 	/Library/Java/JavaVirtualMachines/jdk1.8.0_25.jdk/Contents/Home/jre/lib/libjava.dylib
0x000000010c6d8000 	/Library/Java/JavaVirtualMachines/jdk1.8.0_25.jdk/Contents/Home/jre/lib/libjdwp.dylib
0x000000010c723000 	/Library/Java/JavaVirtualMachines/jdk1.8.0_25.jdk/Contents/Home/jre/lib/libnpt.dylib
0x000000010c730000 	/Library/Java/JavaVirtualMachines/jdk1.8.0_25.jdk/Contents/Home/jre/lib/libzip.dylib
0x000000010c7e5000 	/System/Library/Frameworks/JavaVM.framework/Frameworks/JavaRuntimeSupport.framework/JavaRuntimeSupport
0x00000001147d0000 	/System/Library/Frameworks/JavaVM.framework/Versions/A/Frameworks/JavaNativeFoundation.framework/Versions/A/JavaNativeFoundation
0x00000001147e5000 	/System/Library/Frameworks/JavaVM.framework/Versions/A/JavaVM
0x00000000299a4000 	/System/Library/Frameworks/Carbon.framework/Versions/A/Carbon
0x00000001147f2000 	/System/Library/PrivateFrameworks/JavaLaunching.framework/Versions/A/JavaLaunching
0x00000000299a4000 	/System/Library/Frameworks/Carbon.framework/Versions/A/Frameworks/CommonPanels.framework/Versions/A/CommonPanels
0x00000000299a4000 	/System/Library/Frameworks/Carbon.framework/Versions/A/Frameworks/Help.framework/Versions/A/Help
0x00000000299a4000 	/System/Library/Frameworks/Carbon.framework/Versions/A/Frameworks/ImageCapture.framework/Versions/A/ImageCapture
0x00000000299a4000 	/System/Library/Frameworks/Carbon.framework/Versions/A/Frameworks/OpenScripting.framework/Versions/A/OpenScripting
0x00000000299a4000 	/System/Library/Frameworks/Carbon.framework/Versions/A/Frameworks/Print.framework/Versions/A/Print
0x00000000299a4000 	/System/Library/Frameworks/Carbon.framework/Versions/A/Frameworks/SecurityHI.framework/Versions/A/SecurityHI
0x00000001160ff000 	/Library/Java/JavaVirtualMachines/jdk1.8.0_25.jdk/Contents/Home/jre/lib/libdt_socket.dylib

VM Arguments:
jvm_args: -agentlib:jdwp=transport=dt_socket,address=127.0.0.1:50474,suspend=y,server=n -ea -Didea.test.cyclic.buffer.size=1048576 -Dfile.encoding=UTF-8 
java_command: com.intellij.rt.execution.junit.JUnitStarter -ideVersion5 patmat.HuffmanSuite
java_class_path (initial): /Applications/IntelliJ IDEA CE.app/Contents/lib/idea_rt.jar:/Applications/IntelliJ IDEA CE.app/Contents/plugins/junit/lib/junit-rt.jar:/Library/Java/JavaVirtualMachines/jdk1.8.0_25.jdk/Contents/Home/jre/lib/charsets.jar:/Library/Java/JavaVirtualMachines/jdk1.8.0_25.jdk/Contents/Home/jre/lib/deploy.jar:/Library/Java/JavaVirtualMachines/jdk1.8.0_25.jdk/Contents/Home/jre/lib/ext/cldrdata.jar:/Library/Java/JavaVirtualMachines/jdk1.8.0_25.jdk/Contents/Home/jre/lib/ext/dnsns.jar:/Library/Java/JavaVirtualMachines/jdk1.8.0_25.jdk/Contents/Home/jre/lib/ext/jfxrt.jar:/Library/Java/JavaVirtualMachines/jdk1.8.0_25.jdk/Contents/Home/jre/lib/ext/localedata.jar:/Library/Java/JavaVirtualMachines/jdk1.8.0_25.jdk/Contents/Home/jre/lib/ext/nashorn.jar:/Library/Java/JavaVirtualMachines/jdk1.8.0_25.jdk/Contents/Home/jre/lib/ext/sunec.jar:/Library/Java/JavaVirtualMachines/jdk1.8.0_25.jdk/Contents/Home/jre/lib/ext/sunjce_provider.jar:/Library/Java/JavaVirtualMachines/jdk1.8.0_25.jdk/Contents/Home/jre/lib/ext/sunpkcs11.jar:/Library/Java/JavaVirtualMachines/jdk1.8.0_25.jdk/Contents/Home/jre/lib/ext/zipfs.jar:/Library/Java/JavaVirtualMachines/jdk1.8.0_25.jdk/Contents/Home/jre/lib/javaws.jar:/Library/Java/JavaVirtualMachines/jdk1.8.0_25.jdk/Contents/Home/jre/lib/jce.jar:/Library/Java/JavaVirtualMachines/jdk1.8.0_25.jdk/Contents/Home/jre/lib/jfr.jar:/Library/Java/JavaVirtualMachines/jdk1.8.0_25.jdk/Contents/Home/jre/lib/jfxswt.jar:/Library/Java/JavaVirtualMachines/jdk1.8.0_25.jdk/Contents/Home/jre/lib/jsse.jar:/Library/Java/JavaVirtualMachines/jdk1.8.0_25.jdk/Contents/Home/jre/lib/management-agent.jar:/Library/Java/JavaVirtualMachines/jdk1.8.0_25.jdk/Contents/Home/jre/lib/plugin.jar:/Library/Java/JavaVirtualMachines/jdk1.8.0_25.jdk/Contents/Home/jre/lib/resources.jar:/Library/Java/JavaVirtualMachines/jdk1.8.0_25.jdk/Contents/Home/jre/lib/rt.jar:/Library/Java/JavaVirtualMachines/jdk1.8.0_25.jdk/Contents/Home/lib/ant-javafx.jar:/Library/Java/JavaVirtualMachines/jdk1.
Launcher Type: SUN_STANDARD

Environment Variables:
JAVA_HOME=/Library/Java/JavaVirtualMachines/jdk1.8.0_25.jdk/Contents/Home
PATH=/Users/ayubi/.nvm/versions/node/v8.0.0/bin:/Users/ayubi/tools/maven3_2_5/bin:/Users/ayubi/Library/Android/sdk/tools:/Applications/Postgres.app/Contents/Versions/latest/bin:/Users/ayubi/tools/scala-2.11.8/bin:/Users/ayubi/tools/sbt/bin:/Users/ayubi/tools/anaconda3/bin:/usr/local/bin:/usr/bin:/bin:/usr/sbin:/sbin
SHELL=/bin/bash

Signal Handlers:
SIGSEGV: [libjvm.dylib+0x579dc7], sa_mask[0]=11111111011111110111111111111111, sa_flags=SA_ONSTACK|SA_RESTART|SA_SIGINFO
SIGBUS: [libjvm.dylib+0x579dc7], sa_mask[0]=11111111011111110111111111111111, sa_flags=SA_RESTART|SA_SIGINFO
SIGFPE: [libjvm.dylib+0x45b030], sa_mask[0]=11111111011111110111111111111111, sa_flags=SA_RESTART|SA_SIGINFO
SIGPIPE: [libjvm.dylib+0x45b030], sa_mask[0]=11111111011111110111111111111111, sa_flags=SA_RESTART|SA_SIGINFO
SIGXFSZ: [libjvm.dylib+0x45b030], sa_mask[0]=11111111011111110111111111111111, sa_flags=SA_RESTART|SA_SIGINFO
SIGILL: [libjvm.dylib+0x45b030], sa_mask[0]=11111111011111110111111111111111, sa_flags=SA_RESTART|SA_SIGINFO
SIGUSR1: SIG_DFL, sa_mask[0]=00000000000000000000000000000000, sa_flags=none
SIGUSR2: [libjvm.dylib+0x45ab4e], sa_mask[0]=00100000000000000000000000000000, sa_flags=SA_RESTART|SA_SIGINFO
SIGHUP: [libjvm.dylib+0x459121], sa_mask[0]=11111111011111110111111111111111, sa_flags=SA_RESTART|SA_SIGINFO
SIGINT: [libjvm.dylib+0x459121], sa_mask[0]=11111111011111110111111111111111, sa_flags=SA_RESTART|SA_SIGINFO
SIGTERM: [libjvm.dylib+0x459121], sa_mask[0]=11111111011111110111111111111111, sa_flags=SA_RESTART|SA_SIGINFO
SIGQUIT: [libjvm.dylib+0x459121], sa_mask[0]=11111111011111110111111111111111, sa_flags=SA_RESTART|SA_SIGINFO


---------------  S Y S T E M  ---------------

OS:Bsduname:Darwin 16.6.0 Darwin Kernel Version 16.6.0: Fri Apr 14 16:21:16 PDT 2017; root:xnu-3789.60.24~6/RELEASE_X86_64 x86_64
rlimit: STACK 8192k, CORE 0k, NPROC 709, NOFILE 10240, AS infinity
load average:4.12 4.13 4.06

CPU:total 4 (2 cores per cpu, 2 threads per core) family 6 model 69 stepping 1, cmov, cx8, fxsr, mmx, sse, sse2, sse3, ssse3, sse4.1, sse4.2, popcnt, avx, avx2, aes, clmul, erms, lzcnt, ht, tsc, tscinvbit, bmi1, bmi2

Memory: 4k page, physical 8388608k(92064k free)

/proc/meminfo:


vm_info: Java HotSpot(TM) 64-Bit Server VM (25.25-b02) for bsd-amd64 JRE (1.8.0_25-b17), built on Sep 17 2014 16:56:50 by "java_re" with gcc 4.2.1 (Based on Apple Inc. build 5658) (LLVM build 2336.11.00)

time: Fri Jul 14 04:37:48 2017
elapsed time: 729 seconds (0d 0h 12m 9s)

